<?xml version="1.0" encoding="utf-8"?>
<TestRun id="c64fbeb4-e2bc-46c0-9184-09186cae4cda" name="@200-160-87-eduroam-al 2025-08-25 12:08:09" xmlns="http://microsoft.com/schemas/VisualStudio/TeamTest/2010">
  <Times creation="2025-08-25T12:08:09.0319670-04:00" queuing="2025-08-25T12:08:09.0319680-04:00" start="2025-08-25T12:08:08.3883530-04:00" finish="2025-08-25T12:08:09.0592100-04:00" />
  <TestSettings name="default" id="693951bd-1d20-41d5-b89f-42ad137a1e05">
    <Deployment runDeploymentRoot="_200-160-87-eduroam-al_2025-08-25_12_08_09" />
  </TestSettings>
  <Results>
    <UnitTestResult executionId="9f738bfa-4a85-4f4d-94d3-308dd1a7dad9" testId="8e2ad7bc-6612-3e8a-a437-01bb672eb274" testName="Shin_Megami_Tensei.Tests.Tests.TestE1_BasicCombat(teamsFolder: &quot;data/E1-BasicCombat&quot;, testFile: &quot;data/E1-BasicCombat-Tests/007.txt&quot;)" computerName="200-160-87-eduroam-al" duration="00:00:00.0046236" startTime="2025-08-25T12:08:08.9863720-04:00" endTime="2025-08-25T12:08:08.9863720-04:00" testType="13cdc9d9-ddb5-4fa4-a97d-d965ccfc6d4b" outcome="Failed" testListId="8c84fa94-04c1-424b-9868-57a2d4851a1d" relativeResultsDirectory="9f738bfa-4a85-4f4d-94d3-308dd1a7dad9">
      <Output>
        <ErrorInfo>
          <Message>Assert.Equal() Failure: Strings differ
                 ↓ (pos 6)
Expected: "[L14] -----------------------------------"···
Actual:   "[L14] Archivo de equipos inválido"
                 ↑ (pos 6)</Message>
          <StackTrace>   at Shin_Megami_Tensei.Tests.Tests.CompareScripts(IReadOnlyList`1 actualScript, IReadOnlyList`1 expectedScript) in /Users/cristobalmingo/Downloads/8º semestre/Diseño detallado/Copia E1 copia/Proyecto-Megaten-IIC2113/Shin-Megami-Tensei.Tests/Tests.cs:line 89
   at Shin_Megami_Tensei.Tests.Tests.RunTest(String teamsFolder, String testFile) in /Users/cristobalmingo/Downloads/8º semestre/Diseño detallado/Copia E1 copia/Proyecto-Megaten-IIC2113/Shin-Megami-Tensei.Tests/Tests.cs:line 79
   at Shin_Megami_Tensei.Tests.Tests.TestE1_BasicCombat(String teamsFolder, String testFile) in /Users/cristobalmingo/Downloads/8º semestre/Diseño detallado/Copia E1 copia/Proyecto-Megaten-IIC2113/Shin-Megami-Tensei.Tests/Tests.cs:line 10
   at InvokeStub_Tests.TestE1_BasicCombat(Object, Span`1)
   at System.Reflection.MethodBaseInvoker.InvokeWithFewArgs(Object obj, BindingFlags invokeAttr, Binder binder, Object[] parameters, CultureInfo culture)</StackTrace>
        </ErrorInfo>
      </Output>
    </UnitTestResult>
    <UnitTestResult executionId="1d9070e6-2945-49f1-9961-eef884ec9137" testId="8cb3df3f-41d6-1c6a-c75f-d2098a7bee1a" testName="Shin_Megami_Tensei.Tests.Tests.TestE1_BasicCombat(teamsFolder: &quot;data/E1-BasicCombat&quot;, testFile: &quot;data/E1-BasicCombat-Tests/010.txt&quot;)" computerName="200-160-87-eduroam-al" duration="00:00:00.0038417" startTime="2025-08-25T12:08:08.9744350-04:00" endTime="2025-08-25T12:08:08.9744350-04:00" testType="13cdc9d9-ddb5-4fa4-a97d-d965ccfc6d4b" outcome="Failed" testListId="8c84fa94-04c1-424b-9868-57a2d4851a1d" relativeResultsDirectory="1d9070e6-2945-49f1-9961-eef884ec9137">
      <Output>
        <ErrorInfo>
          <Message>Assert.Equal() Failure: Strings differ
                 ↓ (pos 6)
Expected: "[L14] -----------------------------------"···
Actual:   "[L14] Archivo de equipos inválido"
                 ↑ (pos 6)</Message>
          <StackTrace>   at Shin_Megami_Tensei.Tests.Tests.CompareScripts(IReadOnlyList`1 actualScript, IReadOnlyList`1 expectedScript) in /Users/cristobalmingo/Downloads/8º semestre/Diseño detallado/Copia E1 copia/Proyecto-Megaten-IIC2113/Shin-Megami-Tensei.Tests/Tests.cs:line 89
   at Shin_Megami_Tensei.Tests.Tests.RunTest(String teamsFolder, String testFile) in /Users/cristobalmingo/Downloads/8º semestre/Diseño detallado/Copia E1 copia/Proyecto-Megaten-IIC2113/Shin-Megami-Tensei.Tests/Tests.cs:line 79
   at Shin_Megami_Tensei.Tests.Tests.TestE1_BasicCombat(String teamsFolder, String testFile) in /Users/cristobalmingo/Downloads/8º semestre/Diseño detallado/Copia E1 copia/Proyecto-Megaten-IIC2113/Shin-Megami-Tensei.Tests/Tests.cs:line 10
   at InvokeStub_Tests.TestE1_BasicCombat(Object, Span`1)
   at System.Reflection.MethodBaseInvoker.InvokeWithFewArgs(Object obj, BindingFlags invokeAttr, Binder binder, Object[] parameters, CultureInfo culture)</StackTrace>
        </ErrorInfo>
      </Output>
    </UnitTestResult>
    <UnitTestResult executionId="21fe2344-93d8-4ebf-aa55-16838b1283e1" testId="b80f0082-3842-2dae-fbb2-81848e96ad5a" testName="Shin_Megami_Tensei.Tests.Tests.TestE1_BasicCombat(teamsFolder: &quot;data/E1-BasicCombat&quot;, testFile: &quot;data/E1-BasicCombat-Tests/011.txt&quot;)" computerName="200-160-87-eduroam-al" duration="00:00:00.0049565" startTime="2025-08-25T12:08:08.9600860-04:00" endTime="2025-08-25T12:08:08.9600860-04:00" testType="13cdc9d9-ddb5-4fa4-a97d-d965ccfc6d4b" outcome="Failed" testListId="8c84fa94-04c1-424b-9868-57a2d4851a1d" relativeResultsDirectory="21fe2344-93d8-4ebf-aa55-16838b1283e1">
      <Output>
        <ErrorInfo>
          <Message>Assert.Equal() Failure: Strings differ
                 ↓ (pos 6)
Expected: "[L14] -----------------------------------"···
Actual:   "[L14] Archivo de equipos inválido"
                 ↑ (pos 6)</Message>
          <StackTrace>   at Shin_Megami_Tensei.Tests.Tests.CompareScripts(IReadOnlyList`1 actualScript, IReadOnlyList`1 expectedScript) in /Users/cristobalmingo/Downloads/8º semestre/Diseño detallado/Copia E1 copia/Proyecto-Megaten-IIC2113/Shin-Megami-Tensei.Tests/Tests.cs:line 89
   at Shin_Megami_Tensei.Tests.Tests.RunTest(String teamsFolder, String testFile) in /Users/cristobalmingo/Downloads/8º semestre/Diseño detallado/Copia E1 copia/Proyecto-Megaten-IIC2113/Shin-Megami-Tensei.Tests/Tests.cs:line 79
   at Shin_Megami_Tensei.Tests.Tests.TestE1_BasicCombat(String teamsFolder, String testFile) in /Users/cristobalmingo/Downloads/8º semestre/Diseño detallado/Copia E1 copia/Proyecto-Megaten-IIC2113/Shin-Megami-Tensei.Tests/Tests.cs:line 10
   at InvokeStub_Tests.TestE1_BasicCombat(Object, Span`1)
   at System.Reflection.MethodBaseInvoker.InvokeWithFewArgs(Object obj, BindingFlags invokeAttr, Binder binder, Object[] parameters, CultureInfo culture)</StackTrace>
        </ErrorInfo>
      </Output>
    </UnitTestResult>
    <UnitTestResult executionId="143df1a1-d1d1-44ba-b04d-fb30c1895b42" testId="94de3ce4-1f9e-bba4-49c9-1d6c9fc49228" testName="Shin_Megami_Tensei.Tests.Tests.TestE1_BasicCombat(teamsFolder: &quot;data/E1-BasicCombat&quot;, testFile: &quot;data/E1-BasicCombat-Tests/006.txt&quot;)" computerName="200-160-87-eduroam-al" duration="00:00:00.0031245" startTime="2025-08-25T12:08:08.9624110-04:00" endTime="2025-08-25T12:08:08.9624110-04:00" testType="13cdc9d9-ddb5-4fa4-a97d-d965ccfc6d4b" outcome="Failed" testListId="8c84fa94-04c1-424b-9868-57a2d4851a1d" relativeResultsDirectory="143df1a1-d1d1-44ba-b04d-fb30c1895b42">
      <Output>
        <ErrorInfo>
          <Message>Assert.Equal() Failure: Strings differ
                 ↓ (pos 6)
Expected: "[L14] -----------------------------------"···
Actual:   "[L14] Archivo de equipos inválido"
                 ↑ (pos 6)</Message>
          <StackTrace>   at Shin_Megami_Tensei.Tests.Tests.CompareScripts(IReadOnlyList`1 actualScript, IReadOnlyList`1 expectedScript) in /Users/cristobalmingo/Downloads/8º semestre/Diseño detallado/Copia E1 copia/Proyecto-Megaten-IIC2113/Shin-Megami-Tensei.Tests/Tests.cs:line 89
   at Shin_Megami_Tensei.Tests.Tests.RunTest(String teamsFolder, String testFile) in /Users/cristobalmingo/Downloads/8º semestre/Diseño detallado/Copia E1 copia/Proyecto-Megaten-IIC2113/Shin-Megami-Tensei.Tests/Tests.cs:line 79
   at Shin_Megami_Tensei.Tests.Tests.TestE1_BasicCombat(String teamsFolder, String testFile) in /Users/cristobalmingo/Downloads/8º semestre/Diseño detallado/Copia E1 copia/Proyecto-Megaten-IIC2113/Shin-Megami-Tensei.Tests/Tests.cs:line 10
   at InvokeStub_Tests.TestE1_BasicCombat(Object, Span`1)
   at System.Reflection.MethodBaseInvoker.InvokeWithFewArgs(Object obj, BindingFlags invokeAttr, Binder binder, Object[] parameters, CultureInfo culture)</StackTrace>
        </ErrorInfo>
      </Output>
    </UnitTestResult>
    <UnitTestResult executionId="d1b8bbbc-b14b-405a-ae7c-c2d7b7697b7a" testId="f9cb02d0-e85e-706e-fc6b-69e7a50583e3" testName="Shin_Megami_Tensei.Tests.Tests.TestE1_BasicCombat(teamsFolder: &quot;data/E1-BasicCombat&quot;, testFile: &quot;data/E1-BasicCombat-Tests/002.txt&quot;)" computerName="200-160-87-eduroam-al" duration="00:00:00.0051927" startTime="2025-08-25T12:08:09.0076240-04:00" endTime="2025-08-25T12:08:09.0076240-04:00" testType="13cdc9d9-ddb5-4fa4-a97d-d965ccfc6d4b" outcome="Failed" testListId="8c84fa94-04c1-424b-9868-57a2d4851a1d" relativeResultsDirectory="d1b8bbbc-b14b-405a-ae7c-c2d7b7697b7a">
      <Output>
        <ErrorInfo>
          <Message>Assert.Equal() Failure: Strings differ
                 ↓ (pos 6)
Expected: "[L14] -----------------------------------"···
Actual:   "[L14] Archivo de equipos inválido"
                 ↑ (pos 6)</Message>
          <StackTrace>   at Shin_Megami_Tensei.Tests.Tests.CompareScripts(IReadOnlyList`1 actualScript, IReadOnlyList`1 expectedScript) in /Users/cristobalmingo/Downloads/8º semestre/Diseño detallado/Copia E1 copia/Proyecto-Megaten-IIC2113/Shin-Megami-Tensei.Tests/Tests.cs:line 89
   at Shin_Megami_Tensei.Tests.Tests.RunTest(String teamsFolder, String testFile) in /Users/cristobalmingo/Downloads/8º semestre/Diseño detallado/Copia E1 copia/Proyecto-Megaten-IIC2113/Shin-Megami-Tensei.Tests/Tests.cs:line 79
   at Shin_Megami_Tensei.Tests.Tests.TestE1_BasicCombat(String teamsFolder, String testFile) in /Users/cristobalmingo/Downloads/8º semestre/Diseño detallado/Copia E1 copia/Proyecto-Megaten-IIC2113/Shin-Megami-Tensei.Tests/Tests.cs:line 10
   at InvokeStub_Tests.TestE1_BasicCombat(Object, Span`1)
   at System.Reflection.MethodBaseInvoker.InvokeWithFewArgs(Object obj, BindingFlags invokeAttr, Binder binder, Object[] parameters, CultureInfo culture)</StackTrace>
        </ErrorInfo>
      </Output>
    </UnitTestResult>
    <UnitTestResult executionId="81471efe-ec33-46b6-8786-c796130c789f" testId="d0da7aed-250a-2646-7948-ea18bb92c526" testName="Shin_Megami_Tensei.Tests.Tests.TestE1_BasicCombat(teamsFolder: &quot;data/E1-BasicCombat&quot;, testFile: &quot;data/E1-BasicCombat-Tests/004.txt&quot;)" computerName="200-160-87-eduroam-al" duration="00:00:00.0049084" startTime="2025-08-25T12:08:08.9703610-04:00" endTime="2025-08-25T12:08:08.9703610-04:00" testType="13cdc9d9-ddb5-4fa4-a97d-d965ccfc6d4b" outcome="Failed" testListId="8c84fa94-04c1-424b-9868-57a2d4851a1d" relativeResultsDirectory="81471efe-ec33-46b6-8786-c796130c789f">
      <Output>
        <ErrorInfo>
          <Message>Assert.Equal() Failure: Strings differ
                 ↓ (pos 6)
Expected: "[L14] -----------------------------------"···
Actual:   "[L14] Archivo de equipos inválido"
                 ↑ (pos 6)</Message>
          <StackTrace>   at Shin_Megami_Tensei.Tests.Tests.CompareScripts(IReadOnlyList`1 actualScript, IReadOnlyList`1 expectedScript) in /Users/cristobalmingo/Downloads/8º semestre/Diseño detallado/Copia E1 copia/Proyecto-Megaten-IIC2113/Shin-Megami-Tensei.Tests/Tests.cs:line 89
   at Shin_Megami_Tensei.Tests.Tests.RunTest(String teamsFolder, String testFile) in /Users/cristobalmingo/Downloads/8º semestre/Diseño detallado/Copia E1 copia/Proyecto-Megaten-IIC2113/Shin-Megami-Tensei.Tests/Tests.cs:line 79
   at Shin_Megami_Tensei.Tests.Tests.TestE1_BasicCombat(String teamsFolder, String testFile) in /Users/cristobalmingo/Downloads/8º semestre/Diseño detallado/Copia E1 copia/Proyecto-Megaten-IIC2113/Shin-Megami-Tensei.Tests/Tests.cs:line 10
   at InvokeStub_Tests.TestE1_BasicCombat(Object, Span`1)
   at System.Reflection.MethodBaseInvoker.InvokeWithFewArgs(Object obj, BindingFlags invokeAttr, Binder binder, Object[] parameters, CultureInfo culture)</StackTrace>
        </ErrorInfo>
      </Output>
    </UnitTestResult>
    <UnitTestResult executionId="f5875f68-f9a6-45fe-9d1f-fef3b10488bc" testId="7cc97261-776a-090b-300c-1b6923c39d90" testName="Shin_Megami_Tensei.Tests.Tests.TestE1_BasicCombat(teamsFolder: &quot;data/E1-BasicCombat&quot;, testFile: &quot;data/E1-BasicCombat-Tests/008.txt&quot;)" computerName="200-160-87-eduroam-al" duration="00:00:00.0038261" startTime="2025-08-25T12:08:09.0080110-04:00" endTime="2025-08-25T12:08:09.0080110-04:00" testType="13cdc9d9-ddb5-4fa4-a97d-d965ccfc6d4b" outcome="Failed" testListId="8c84fa94-04c1-424b-9868-57a2d4851a1d" relativeResultsDirectory="f5875f68-f9a6-45fe-9d1f-fef3b10488bc">
      <Output>
        <ErrorInfo>
          <Message>Assert.Equal() Failure: Strings differ
                 ↓ (pos 6)
Expected: "[L14] -----------------------------------"···
Actual:   "[L14] Archivo de equipos inválido"
                 ↑ (pos 6)</Message>
          <StackTrace>   at Shin_Megami_Tensei.Tests.Tests.CompareScripts(IReadOnlyList`1 actualScript, IReadOnlyList`1 expectedScript) in /Users/cristobalmingo/Downloads/8º semestre/Diseño detallado/Copia E1 copia/Proyecto-Megaten-IIC2113/Shin-Megami-Tensei.Tests/Tests.cs:line 89
   at Shin_Megami_Tensei.Tests.Tests.RunTest(String teamsFolder, String testFile) in /Users/cristobalmingo/Downloads/8º semestre/Diseño detallado/Copia E1 copia/Proyecto-Megaten-IIC2113/Shin-Megami-Tensei.Tests/Tests.cs:line 79
   at Shin_Megami_Tensei.Tests.Tests.TestE1_BasicCombat(String teamsFolder, String testFile) in /Users/cristobalmingo/Downloads/8º semestre/Diseño detallado/Copia E1 copia/Proyecto-Megaten-IIC2113/Shin-Megami-Tensei.Tests/Tests.cs:line 10
   at InvokeStub_Tests.TestE1_BasicCombat(Object, Span`1)
   at System.Reflection.MethodBaseInvoker.InvokeWithFewArgs(Object obj, BindingFlags invokeAttr, Binder binder, Object[] parameters, CultureInfo culture)</StackTrace>
        </ErrorInfo>
      </Output>
    </UnitTestResult>
    <UnitTestResult executionId="44b503d9-7dee-49b3-8bfb-88216431d0b9" testId="0d4a78f4-6e6b-1ad7-fd0d-e94828d2275f" testName="Shin_Megami_Tensei.Tests.Tests.TestE1_BasicCombat(teamsFolder: &quot;data/E1-BasicCombat&quot;, testFile: &quot;data/E1-BasicCombat-Tests/003.txt&quot;)" computerName="200-160-87-eduroam-al" duration="00:00:00.0028063" startTime="2025-08-25T12:08:08.9652000-04:00" endTime="2025-08-25T12:08:08.9652000-04:00" testType="13cdc9d9-ddb5-4fa4-a97d-d965ccfc6d4b" outcome="Failed" testListId="8c84fa94-04c1-424b-9868-57a2d4851a1d" relativeResultsDirectory="44b503d9-7dee-49b3-8bfb-88216431d0b9">
      <Output>
        <ErrorInfo>
          <Message>Assert.Equal() Failure: Strings differ
                 ↓ (pos 6)
Expected: "[L14] -----------------------------------"···
Actual:   "[L14] Archivo de equipos inválido"
                 ↑ (pos 6)</Message>
          <StackTrace>   at Shin_Megami_Tensei.Tests.Tests.CompareScripts(IReadOnlyList`1 actualScript, IReadOnlyList`1 expectedScript) in /Users/cristobalmingo/Downloads/8º semestre/Diseño detallado/Copia E1 copia/Proyecto-Megaten-IIC2113/Shin-Megami-Tensei.Tests/Tests.cs:line 89
   at Shin_Megami_Tensei.Tests.Tests.RunTest(String teamsFolder, String testFile) in /Users/cristobalmingo/Downloads/8º semestre/Diseño detallado/Copia E1 copia/Proyecto-Megaten-IIC2113/Shin-Megami-Tensei.Tests/Tests.cs:line 79
   at Shin_Megami_Tensei.Tests.Tests.TestE1_BasicCombat(String teamsFolder, String testFile) in /Users/cristobalmingo/Downloads/8º semestre/Diseño detallado/Copia E1 copia/Proyecto-Megaten-IIC2113/Shin-Megami-Tensei.Tests/Tests.cs:line 10
   at InvokeStub_Tests.TestE1_BasicCombat(Object, Span`1)
   at System.Reflection.MethodBaseInvoker.InvokeWithFewArgs(Object obj, BindingFlags invokeAttr, Binder binder, Object[] parameters, CultureInfo culture)</StackTrace>
        </ErrorInfo>
      </Output>
    </UnitTestResult>
    <UnitTestResult executionId="ecf3049c-d24e-4a89-bb62-797d492d2bea" testId="ba280034-f681-d2d8-f0ae-a7fa7df6b17a" testName="Shin_Megami_Tensei.Tests.Tests.TestE1_BasicCombat(teamsFolder: &quot;data/E1-BasicCombat&quot;, testFile: &quot;data/E1-BasicCombat-Tests/009.txt&quot;)" computerName="200-160-87-eduroam-al" duration="00:00:00.0029945" startTime="2025-08-25T12:08:08.9813080-04:00" endTime="2025-08-25T12:08:08.9813080-04:00" testType="13cdc9d9-ddb5-4fa4-a97d-d965ccfc6d4b" outcome="Failed" testListId="8c84fa94-04c1-424b-9868-57a2d4851a1d" relativeResultsDirectory="ecf3049c-d24e-4a89-bb62-797d492d2bea">
      <Output>
        <ErrorInfo>
          <Message>Assert.Equal() Failure: Strings differ
                 ↓ (pos 6)
Expected: "[L14] -----------------------------------"···
Actual:   "[L14] Archivo de equipos inválido"
                 ↑ (pos 6)</Message>
          <StackTrace>   at Shin_Megami_Tensei.Tests.Tests.CompareScripts(IReadOnlyList`1 actualScript, IReadOnlyList`1 expectedScript) in /Users/cristobalmingo/Downloads/8º semestre/Diseño detallado/Copia E1 copia/Proyecto-Megaten-IIC2113/Shin-Megami-Tensei.Tests/Tests.cs:line 89
   at Shin_Megami_Tensei.Tests.Tests.RunTest(String teamsFolder, String testFile) in /Users/cristobalmingo/Downloads/8º semestre/Diseño detallado/Copia E1 copia/Proyecto-Megaten-IIC2113/Shin-Megami-Tensei.Tests/Tests.cs:line 79
   at Shin_Megami_Tensei.Tests.Tests.TestE1_BasicCombat(String teamsFolder, String testFile) in /Users/cristobalmingo/Downloads/8º semestre/Diseño detallado/Copia E1 copia/Proyecto-Megaten-IIC2113/Shin-Megami-Tensei.Tests/Tests.cs:line 10
   at InvokeStub_Tests.TestE1_BasicCombat(Object, Span`1)
   at System.Reflection.MethodBaseInvoker.InvokeWithFewArgs(Object obj, BindingFlags invokeAttr, Binder binder, Object[] parameters, CultureInfo culture)</StackTrace>
        </ErrorInfo>
      </Output>
    </UnitTestResult>
    <UnitTestResult executionId="7dad1184-45c7-41c7-9d3e-8813b9853fc0" testId="e1ee9f0d-0e75-a63d-58cb-645e4ef81e24" testName="Shin_Megami_Tensei.Tests.Tests.TestE1_BasicCombat(teamsFolder: &quot;data/E1-BasicCombat&quot;, testFile: &quot;data/E1-BasicCombat-Tests/001.txt&quot;)" computerName="200-160-87-eduroam-al" duration="00:00:00.0035800" startTime="2025-08-25T12:08:08.9784530-04:00" endTime="2025-08-25T12:08:08.9784530-04:00" testType="13cdc9d9-ddb5-4fa4-a97d-d965ccfc6d4b" outcome="Failed" testListId="8c84fa94-04c1-424b-9868-57a2d4851a1d" relativeResultsDirectory="7dad1184-45c7-41c7-9d3e-8813b9853fc0">
      <Output>
        <ErrorInfo>
          <Message>Assert.Equal() Failure: Strings differ
                 ↓ (pos 6)
Expected: "[L14] -----------------------------------"···
Actual:   "[L14] Archivo de equipos inválido"
                 ↑ (pos 6)</Message>
          <StackTrace>   at Shin_Megami_Tensei.Tests.Tests.CompareScripts(IReadOnlyList`1 actualScript, IReadOnlyList`1 expectedScript) in /Users/cristobalmingo/Downloads/8º semestre/Diseño detallado/Copia E1 copia/Proyecto-Megaten-IIC2113/Shin-Megami-Tensei.Tests/Tests.cs:line 89
   at Shin_Megami_Tensei.Tests.Tests.RunTest(String teamsFolder, String testFile) in /Users/cristobalmingo/Downloads/8º semestre/Diseño detallado/Copia E1 copia/Proyecto-Megaten-IIC2113/Shin-Megami-Tensei.Tests/Tests.cs:line 79
   at Shin_Megami_Tensei.Tests.Tests.TestE1_BasicCombat(String teamsFolder, String testFile) in /Users/cristobalmingo/Downloads/8º semestre/Diseño detallado/Copia E1 copia/Proyecto-Megaten-IIC2113/Shin-Megami-Tensei.Tests/Tests.cs:line 10
   at InvokeStub_Tests.TestE1_BasicCombat(Object, Span`1)
   at System.Reflection.MethodBaseInvoker.InvokeWithFewArgs(Object obj, BindingFlags invokeAttr, Binder binder, Object[] parameters, CultureInfo culture)</StackTrace>
        </ErrorInfo>
      </Output>
    </UnitTestResult>
    <UnitTestResult executionId="07ecee36-6250-4558-bd43-d623741012a9" testId="6ab920c9-bf77-78e6-499a-7a41668cf38d" testName="Shin_Megami_Tensei.Tests.Tests.TestE1_BasicCombat(teamsFolder: &quot;data/E1-BasicCombat&quot;, testFile: &quot;data/E1-BasicCombat-Tests/005.txt&quot;)" computerName="200-160-87-eduroam-al" duration="00:00:00.0345642" startTime="2025-08-25T12:08:08.9566660-04:00" endTime="2025-08-25T12:08:08.9567000-04:00" testType="13cdc9d9-ddb5-4fa4-a97d-d965ccfc6d4b" outcome="Failed" testListId="8c84fa94-04c1-424b-9868-57a2d4851a1d" relativeResultsDirectory="07ecee36-6250-4558-bd43-d623741012a9">
      <Output>
        <ErrorInfo>
          <Message>Assert.Equal() Failure: Strings differ
                 ↓ (pos 6)
Expected: "[L14] -----------------------------------"···
Actual:   "[L14] Archivo de equipos inválido"
                 ↑ (pos 6)</Message>
          <StackTrace>   at Shin_Megami_Tensei.Tests.Tests.CompareScripts(IReadOnlyList`1 actualScript, IReadOnlyList`1 expectedScript) in /Users/cristobalmingo/Downloads/8º semestre/Diseño detallado/Copia E1 copia/Proyecto-Megaten-IIC2113/Shin-Megami-Tensei.Tests/Tests.cs:line 89
   at Shin_Megami_Tensei.Tests.Tests.RunTest(String teamsFolder, String testFile) in /Users/cristobalmingo/Downloads/8º semestre/Diseño detallado/Copia E1 copia/Proyecto-Megaten-IIC2113/Shin-Megami-Tensei.Tests/Tests.cs:line 79
   at Shin_Megami_Tensei.Tests.Tests.TestE1_BasicCombat(String teamsFolder, String testFile) in /Users/cristobalmingo/Downloads/8º semestre/Diseño detallado/Copia E1 copia/Proyecto-Megaten-IIC2113/Shin-Megami-Tensei.Tests/Tests.cs:line 10
   at System.RuntimeMethodHandle.InvokeMethod(Object target, Void** arguments, Signature sig, Boolean isConstructor)
   at System.Reflection.MethodBaseInvoker.InvokeDirectByRefWithFewArgs(Object obj, Span`1 copyOfArgs, BindingFlags invokeAttr)</StackTrace>
        </ErrorInfo>
      </Output>
    </UnitTestResult>
  </Results>
  <TestDefinitions>
    <UnitTest name="Shin_Megami_Tensei.Tests.Tests.TestE1_BasicCombat(teamsFolder: &quot;data/E1-BasicCombat&quot;, testFile: &quot;data/E1-BasicCombat-Tests/007.txt&quot;)" storage="/users/cristobalmingo/downloads/8º semestre/diseño detallado/copia e1 copia/proyecto-megaten-iic2113/shin-megami-tensei.tests/bin/debug/net8.0/shin-megami-tensei.tests.dll" id="8e2ad7bc-6612-3e8a-a437-01bb672eb274">
      <Execution id="9f738bfa-4a85-4f4d-94d3-308dd1a7dad9" />
      <TestMethod codeBase="/Users/cristobalmingo/Downloads/8º semestre/Diseño detallado/Copia E1 copia/Proyecto-Megaten-IIC2113/Shin-Megami-Tensei.Tests/bin/Debug/net8.0/Shin-Megami-Tensei.Tests.dll" adapterTypeName="executor://xunit/VsTestRunner2/netcoreapp" className="Shin_Megami_Tensei.Tests.Tests" name="TestE1_BasicCombat" />
    </UnitTest>
    <UnitTest name="Shin_Megami_Tensei.Tests.Tests.TestE1_BasicCombat(teamsFolder: &quot;data/E1-BasicCombat&quot;, testFile: &quot;data/E1-BasicCombat-Tests/008.txt&quot;)" storage="/users/cristobalmingo/downloads/8º semestre/diseño detallado/copia e1 copia/proyecto-megaten-iic2113/shin-megami-tensei.tests/bin/debug/net8.0/shin-megami-tensei.tests.dll" id="7cc97261-776a-090b-300c-1b6923c39d90">
      <Execution id="f5875f68-f9a6-45fe-9d1f-fef3b10488bc" />
      <TestMethod codeBase="/Users/cristobalmingo/Downloads/8º semestre/Diseño detallado/Copia E1 copia/Proyecto-Megaten-IIC2113/Shin-Megami-Tensei.Tests/bin/Debug/net8.0/Shin-Megami-Tensei.Tests.dll" adapterTypeName="executor://xunit/VsTestRunner2/netcoreapp" className="Shin_Megami_Tensei.Tests.Tests" name="TestE1_BasicCombat" />
    </UnitTest>
    <UnitTest name="Shin_Megami_Tensei.Tests.Tests.TestE1_BasicCombat(teamsFolder: &quot;data/E1-BasicCombat&quot;, testFile: &quot;data/E1-BasicCombat-Tests/010.txt&quot;)" storage="/users/cristobalmingo/downloads/8º semestre/diseño detallado/copia e1 copia/proyecto-megaten-iic2113/shin-megami-tensei.tests/bin/debug/net8.0/shin-megami-tensei.tests.dll" id="8cb3df3f-41d6-1c6a-c75f-d2098a7bee1a">
      <Execution id="1d9070e6-2945-49f1-9961-eef884ec9137" />
      <TestMethod codeBase="/Users/cristobalmingo/Downloads/8º semestre/Diseño detallado/Copia E1 copia/Proyecto-Megaten-IIC2113/Shin-Megami-Tensei.Tests/bin/Debug/net8.0/Shin-Megami-Tensei.Tests.dll" adapterTypeName="executor://xunit/VsTestRunner2/netcoreapp" className="Shin_Megami_Tensei.Tests.Tests" name="TestE1_BasicCombat" />
    </UnitTest>
    <UnitTest name="Shin_Megami_Tensei.Tests.Tests.TestE1_BasicCombat(teamsFolder: &quot;data/E1-BasicCombat&quot;, testFile: &quot;data/E1-BasicCombat-Tests/006.txt&quot;)" storage="/users/cristobalmingo/downloads/8º semestre/diseño detallado/copia e1 copia/proyecto-megaten-iic2113/shin-megami-tensei.tests/bin/debug/net8.0/shin-megami-tensei.tests.dll" id="94de3ce4-1f9e-bba4-49c9-1d6c9fc49228">
      <Execution id="143df1a1-d1d1-44ba-b04d-fb30c1895b42" />
      <TestMethod codeBase="/Users/cristobalmingo/Downloads/8º semestre/Diseño detallado/Copia E1 copia/Proyecto-Megaten-IIC2113/Shin-Megami-Tensei.Tests/bin/Debug/net8.0/Shin-Megami-Tensei.Tests.dll" adapterTypeName="executor://xunit/VsTestRunner2/netcoreapp" className="Shin_Megami_Tensei.Tests.Tests" name="TestE1_BasicCombat" />
    </UnitTest>
    <UnitTest name="Shin_Megami_Tensei.Tests.Tests.TestE1_BasicCombat(teamsFolder: &quot;data/E1-BasicCombat&quot;, testFile: &quot;data/E1-BasicCombat-Tests/009.txt&quot;)" storage="/users/cristobalmingo/downloads/8º semestre/diseño detallado/copia e1 copia/proyecto-megaten-iic2113/shin-megami-tensei.tests/bin/debug/net8.0/shin-megami-tensei.tests.dll" id="ba280034-f681-d2d8-f0ae-a7fa7df6b17a">
      <Execution id="ecf3049c-d24e-4a89-bb62-797d492d2bea" />
      <TestMethod codeBase="/Users/cristobalmingo/Downloads/8º semestre/Diseño detallado/Copia E1 copia/Proyecto-Megaten-IIC2113/Shin-Megami-Tensei.Tests/bin/Debug/net8.0/Shin-Megami-Tensei.Tests.dll" adapterTypeName="executor://xunit/VsTestRunner2/netcoreapp" className="Shin_Megami_Tensei.Tests.Tests" name="TestE1_BasicCombat" />
    </UnitTest>
    <UnitTest name="Shin_Megami_Tensei.Tests.Tests.TestE1_BasicCombat(teamsFolder: &quot;data/E1-BasicCombat&quot;, testFile: &quot;data/E1-BasicCombat-Tests/004.txt&quot;)" storage="/users/cristobalmingo/downloads/8º semestre/diseño detallado/copia e1 copia/proyecto-megaten-iic2113/shin-megami-tensei.tests/bin/debug/net8.0/shin-megami-tensei.tests.dll" id="d0da7aed-250a-2646-7948-ea18bb92c526">
      <Execution id="81471efe-ec33-46b6-8786-c796130c789f" />
      <TestMethod codeBase="/Users/cristobalmingo/Downloads/8º semestre/Diseño detallado/Copia E1 copia/Proyecto-Megaten-IIC2113/Shin-Megami-Tensei.Tests/bin/Debug/net8.0/Shin-Megami-Tensei.Tests.dll" adapterTypeName="executor://xunit/VsTestRunner2/netcoreapp" className="Shin_Megami_Tensei.Tests.Tests" name="TestE1_BasicCombat" />
    </UnitTest>
    <UnitTest name="Shin_Megami_Tensei.Tests.Tests.TestE1_BasicCombat(teamsFolder: &quot;data/E1-BasicCombat&quot;, testFile: &quot;data/E1-BasicCombat-Tests/005.txt&quot;)" storage="/users/cristobalmingo/downloads/8º semestre/diseño detallado/copia e1 copia/proyecto-megaten-iic2113/shin-megami-tensei.tests/bin/debug/net8.0/shin-megami-tensei.tests.dll" id="6ab920c9-bf77-78e6-499a-7a41668cf38d">
      <Execution id="07ecee36-6250-4558-bd43-d623741012a9" />
      <TestMethod codeBase="/Users/cristobalmingo/Downloads/8º semestre/Diseño detallado/Copia E1 copia/Proyecto-Megaten-IIC2113/Shin-Megami-Tensei.Tests/bin/Debug/net8.0/Shin-Megami-Tensei.Tests.dll" adapterTypeName="executor://xunit/VsTestRunner2/netcoreapp" className="Shin_Megami_Tensei.Tests.Tests" name="TestE1_BasicCombat" />
    </UnitTest>
    <UnitTest name="Shin_Megami_Tensei.Tests.Tests.TestE1_BasicCombat(teamsFolder: &quot;data/E1-BasicCombat&quot;, testFile: &quot;data/E1-BasicCombat-Tests/011.txt&quot;)" storage="/users/cristobalmingo/downloads/8º semestre/diseño detallado/copia e1 copia/proyecto-megaten-iic2113/shin-megami-tensei.tests/bin/debug/net8.0/shin-megami-tensei.tests.dll" id="b80f0082-3842-2dae-fbb2-81848e96ad5a">
      <Execution id="21fe2344-93d8-4ebf-aa55-16838b1283e1" />
      <TestMethod codeBase="/Users/cristobalmingo/Downloads/8º semestre/Diseño detallado/Copia E1 copia/Proyecto-Megaten-IIC2113/Shin-Megami-Tensei.Tests/bin/Debug/net8.0/Shin-Megami-Tensei.Tests.dll" adapterTypeName="executor://xunit/VsTestRunner2/netcoreapp" className="Shin_Megami_Tensei.Tests.Tests" name="TestE1_BasicCombat" />
    </UnitTest>
    <UnitTest name="Shin_Megami_Tensei.Tests.Tests.TestE1_BasicCombat(teamsFolder: &quot;data/E1-BasicCombat&quot;, testFile: &quot;data/E1-BasicCombat-Tests/001.txt&quot;)" storage="/users/cristobalmingo/downloads/8º semestre/diseño detallado/copia e1 copia/proyecto-megaten-iic2113/shin-megami-tensei.tests/bin/debug/net8.0/shin-megami-tensei.tests.dll" id="e1ee9f0d-0e75-a63d-58cb-645e4ef81e24">
      <Execution id="7dad1184-45c7-41c7-9d3e-8813b9853fc0" />
      <TestMethod codeBase="/Users/cristobalmingo/Downloads/8º semestre/Diseño detallado/Copia E1 copia/Proyecto-Megaten-IIC2113/Shin-Megami-Tensei.Tests/bin/Debug/net8.0/Shin-Megami-Tensei.Tests.dll" adapterTypeName="executor://xunit/VsTestRunner2/netcoreapp" className="Shin_Megami_Tensei.Tests.Tests" name="TestE1_BasicCombat" />
    </UnitTest>
    <UnitTest name="Shin_Megami_Tensei.Tests.Tests.TestE1_BasicCombat(teamsFolder: &quot;data/E1-BasicCombat&quot;, testFile: &quot;data/E1-BasicCombat-Tests/003.txt&quot;)" storage="/users/cristobalmingo/downloads/8º semestre/diseño detallado/copia e1 copia/proyecto-megaten-iic2113/shin-megami-tensei.tests/bin/debug/net8.0/shin-megami-tensei.tests.dll" id="0d4a78f4-6e6b-1ad7-fd0d-e94828d2275f">
      <Execution id="44b503d9-7dee-49b3-8bfb-88216431d0b9" />
      <TestMethod codeBase="/Users/cristobalmingo/Downloads/8º semestre/Diseño detallado/Copia E1 copia/Proyecto-Megaten-IIC2113/Shin-Megami-Tensei.Tests/bin/Debug/net8.0/Shin-Megami-Tensei.Tests.dll" adapterTypeName="executor://xunit/VsTestRunner2/netcoreapp" className="Shin_Megami_Tensei.Tests.Tests" name="TestE1_BasicCombat" />
    </UnitTest>
    <UnitTest name="Shin_Megami_Tensei.Tests.Tests.TestE1_BasicCombat(teamsFolder: &quot;data/E1-BasicCombat&quot;, testFile: &quot;data/E1-BasicCombat-Tests/002.txt&quot;)" storage="/users/cristobalmingo/downloads/8º semestre/diseño detallado/copia e1 copia/proyecto-megaten-iic2113/shin-megami-tensei.tests/bin/debug/net8.0/shin-megami-tensei.tests.dll" id="f9cb02d0-e85e-706e-fc6b-69e7a50583e3">
      <Execution id="d1b8bbbc-b14b-405a-ae7c-c2d7b7697b7a" />
      <TestMethod codeBase="/Users/cristobalmingo/Downloads/8º semestre/Diseño detallado/Copia E1 copia/Proyecto-Megaten-IIC2113/Shin-Megami-Tensei.Tests/bin/Debug/net8.0/Shin-Megami-Tensei.Tests.dll" adapterTypeName="executor://xunit/VsTestRunner2/netcoreapp" className="Shin_Megami_Tensei.Tests.Tests" name="TestE1_BasicCombat" />
    </UnitTest>
  </TestDefinitions>
  <TestEntries>
    <TestEntry testId="8e2ad7bc-6612-3e8a-a437-01bb672eb274" executionId="9f738bfa-4a85-4f4d-94d3-308dd1a7dad9" testListId="8c84fa94-04c1-424b-9868-57a2d4851a1d" />
    <TestEntry testId="8cb3df3f-41d6-1c6a-c75f-d2098a7bee1a" executionId="1d9070e6-2945-49f1-9961-eef884ec9137" testListId="8c84fa94-04c1-424b-9868-57a2d4851a1d" />
    <TestEntry testId="b80f0082-3842-2dae-fbb2-81848e96ad5a" executionId="21fe2344-93d8-4ebf-aa55-16838b1283e1" testListId="8c84fa94-04c1-424b-9868-57a2d4851a1d" />
    <TestEntry testId="94de3ce4-1f9e-bba4-49c9-1d6c9fc49228" executionId="143df1a1-d1d1-44ba-b04d-fb30c1895b42" testListId="8c84fa94-04c1-424b-9868-57a2d4851a1d" />
    <TestEntry testId="f9cb02d0-e85e-706e-fc6b-69e7a50583e3" executionId="d1b8bbbc-b14b-405a-ae7c-c2d7b7697b7a" testListId="8c84fa94-04c1-424b-9868-57a2d4851a1d" />
    <TestEntry testId="d0da7aed-250a-2646-7948-ea18bb92c526" executionId="81471efe-ec33-46b6-8786-c796130c789f" testListId="8c84fa94-04c1-424b-9868-57a2d4851a1d" />
    <TestEntry testId="7cc97261-776a-090b-300c-1b6923c39d90" executionId="f5875f68-f9a6-45fe-9d1f-fef3b10488bc" testListId="8c84fa94-04c1-424b-9868-57a2d4851a1d" />
    <TestEntry testId="0d4a78f4-6e6b-1ad7-fd0d-e94828d2275f" executionId="44b503d9-7dee-49b3-8bfb-88216431d0b9" testListId="8c84fa94-04c1-424b-9868-57a2d4851a1d" />
    <TestEntry testId="ba280034-f681-d2d8-f0ae-a7fa7df6b17a" executionId="ecf3049c-d24e-4a89-bb62-797d492d2bea" testListId="8c84fa94-04c1-424b-9868-57a2d4851a1d" />
    <TestEntry testId="e1ee9f0d-0e75-a63d-58cb-645e4ef81e24" executionId="7dad1184-45c7-41c7-9d3e-8813b9853fc0" testListId="8c84fa94-04c1-424b-9868-57a2d4851a1d" />
    <TestEntry testId="6ab920c9-bf77-78e6-499a-7a41668cf38d" executionId="07ecee36-6250-4558-bd43-d623741012a9" testListId="8c84fa94-04c1-424b-9868-57a2d4851a1d" />
  </TestEntries>
  <TestLists>
    <TestList name="Results Not in a List" id="8c84fa94-04c1-424b-9868-57a2d4851a1d" />
    <TestList name="All Loaded Results" id="19431567-8539-422a-85d7-44ee4e166bda" />
  </TestLists>
  <ResultSummary outcome="Failed">
    <Counters total="11" executed="11" passed="0" failed="11" error="0" timeout="0" aborted="0" inconclusive="0" passedButRunAborted="0" notRunnable="0" notExecuted="0" disconnected="0" warning="0" completed="0" inProgress="0" pending="0" />
    <Output>
      <StdOut>[xUnit.net 00:00:00.00] xUnit.net VSTest Adapter v2.8.2+699d445a1a (64-bit .NET 8.0.19)
[xUnit.net 00:00:00.04]   Discovering: Shin-Megami-Tensei.Tests
[xUnit.net 00:00:00.10]   Discovered:  Shin-Megami-Tensei.Tests
[xUnit.net 00:00:00.10]   Starting:    Shin-Megami-Tensei.Tests
[xUnit.net 00:00:00.17]       Assert.Equal() Failure: Strings differ
[xUnit.net 00:00:00.17]                        ↓ (pos 6)
[xUnit.net 00:00:00.17]       Expected: "[L14] -----------------------------------"···
[xUnit.net 00:00:00.17]       Actual:   "[L14] Archivo de equipos inválido"
[xUnit.net 00:00:00.17]                        ↑ (pos 6)
[xUnit.net 00:00:00.17]       Stack Trace:
[xUnit.net 00:00:00.17]         /Users/cristobalmingo/Downloads/8º semestre/Diseño detallado/Copia E1 copia/Proyecto-Megaten-IIC2113/Shin-Megami-Tensei.Tests/Tests.cs(89,0): at Shin_Megami_Tensei.Tests.Tests.CompareScripts(IReadOnlyList`1 actualScript, IReadOnlyList`1 expectedScript)
[xUnit.net 00:00:00.17]         /Users/cristobalmingo/Downloads/8º semestre/Diseño detallado/Copia E1 copia/Proyecto-Megaten-IIC2113/Shin-Megami-Tensei.Tests/Tests.cs(79,0): at Shin_Megami_Tensei.Tests.Tests.RunTest(String teamsFolder, String testFile)
[xUnit.net 00:00:00.17]         /Users/cristobalmingo/Downloads/8º semestre/Diseño detallado/Copia E1 copia/Proyecto-Megaten-IIC2113/Shin-Megami-Tensei.Tests/Tests.cs(10,0): at Shin_Megami_Tensei.Tests.Tests.TestE1_BasicCombat(String teamsFolder, String testFile)
[xUnit.net 00:00:00.17]            at System.RuntimeMethodHandle.InvokeMethod(Object target, Void** arguments, Signature sig, Boolean isConstructor)
[xUnit.net 00:00:00.17]            at System.Reflection.MethodBaseInvoker.InvokeDirectByRefWithFewArgs(Object obj, Span`1 copyOfArgs, BindingFlags invokeAttr)
[xUnit.net 00:00:00.17]       Assert.Equal() Failure: Strings differ
[xUnit.net 00:00:00.17]                        ↓ (pos 6)
[xUnit.net 00:00:00.17]       Expected: "[L14] -----------------------------------"···
[xUnit.net 00:00:00.17]       Actual:   "[L14] Archivo de equipos inválido"
[xUnit.net 00:00:00.17]                        ↑ (pos 6)
[xUnit.net 00:00:00.17]       Stack Trace:
[xUnit.net 00:00:00.17]         /Users/cristobalmingo/Downloads/8º semestre/Diseño detallado/Copia E1 copia/Proyecto-Megaten-IIC2113/Shin-Megami-Tensei.Tests/Tests.cs(89,0): at Shin_Megami_Tensei.Tests.Tests.CompareScripts(IReadOnlyList`1 actualScript, IReadOnlyList`1 expectedScript)
[xUnit.net 00:00:00.17]         /Users/cristobalmingo/Downloads/8º semestre/Diseño detallado/Copia E1 copia/Proyecto-Megaten-IIC2113/Shin-Megami-Tensei.Tests/Tests.cs(79,0): at Shin_Megami_Tensei.Tests.Tests.RunTest(String teamsFolder, String testFile)
[xUnit.net 00:00:00.17]         /Users/cristobalmingo/Downloads/8º semestre/Diseño detallado/Copia E1 copia/Proyecto-Megaten-IIC2113/Shin-Megami-Tensei.Tests/Tests.cs(10,0): at Shin_Megami_Tensei.Tests.Tests.TestE1_BasicCombat(String teamsFolder, String testFile)
[xUnit.net 00:00:00.17]            at InvokeStub_Tests.TestE1_BasicCombat(Object, Span`1)
[xUnit.net 00:00:00.17]            at System.Reflection.MethodBaseInvoker.InvokeWithFewArgs(Object obj, BindingFlags invokeAttr, Binder binder, Object[] parameters, CultureInfo culture)
[xUnit.net 00:00:00.17]       Assert.Equal() Failure: Strings differ
[xUnit.net 00:00:00.17]                        ↓ (pos 6)
[xUnit.net 00:00:00.17]       Expected: "[L14] -----------------------------------"···
[xUnit.net 00:00:00.17]       Actual:   "[L14] Archivo de equipos inválido"
[xUnit.net 00:00:00.17]                        ↑ (pos 6)
[xUnit.net 00:00:00.17]       Stack Trace:
[xUnit.net 00:00:00.17]         /Users/cristobalmingo/Downloads/8º semestre/Diseño detallado/Copia E1 copia/Proyecto-Megaten-IIC2113/Shin-Megami-Tensei.Tests/Tests.cs(89,0): at Shin_Megami_Tensei.Tests.Tests.CompareScripts(IReadOnlyList`1 actualScript, IReadOnlyList`1 expectedScript)
[xUnit.net 00:00:00.17]         /Users/cristobalmingo/Downloads/8º semestre/Diseño detallado/Copia E1 copia/Proyecto-Megaten-IIC2113/Shin-Megami-Tensei.Tests/Tests.cs(79,0): at Shin_Megami_Tensei.Tests.Tests.RunTest(String teamsFolder, String testFile)
[xUnit.net 00:00:00.17]         /Users/cristobalmingo/Downloads/8º semestre/Diseño detallado/Copia E1 copia/Proyecto-Megaten-IIC2113/Shin-Megami-Tensei.Tests/Tests.cs(10,0): at Shin_Megami_Tensei.Tests.Tests.TestE1_BasicCombat(String teamsFolder, String testFile)
[xUnit.net 00:00:00.17]            at InvokeStub_Tests.TestE1_BasicCombat(Object, Span`1)
[xUnit.net 00:00:00.17]            at System.Reflection.MethodBaseInvoker.InvokeWithFewArgs(Object obj, BindingFlags invokeAttr, Binder binder, Object[] parameters, CultureInfo culture)
[xUnit.net 00:00:00.18]       Assert.Equal() Failure: Strings differ
[xUnit.net 00:00:00.18]                        ↓ (pos 6)
[xUnit.net 00:00:00.18]       Expected: "[L14] -----------------------------------"···
[xUnit.net 00:00:00.18]       Actual:   "[L14] Archivo de equipos inválido"
[xUnit.net 00:00:00.18]                        ↑ (pos 6)
[xUnit.net 00:00:00.18]       Stack Trace:
[xUnit.net 00:00:00.18]         /Users/cristobalmingo/Downloads/8º semestre/Diseño detallado/Copia E1 copia/Proyecto-Megaten-IIC2113/Shin-Megami-Tensei.Tests/Tests.cs(89,0): at Shin_Megami_Tensei.Tests.Tests.CompareScripts(IReadOnlyList`1 actualScript, IReadOnlyList`1 expectedScript)
[xUnit.net 00:00:00.18]         /Users/cristobalmingo/Downloads/8º semestre/Diseño detallado/Copia E1 copia/Proyecto-Megaten-IIC2113/Shin-Megami-Tensei.Tests/Tests.cs(79,0): at Shin_Megami_Tensei.Tests.Tests.RunTest(String teamsFolder, String testFile)
[xUnit.net 00:00:00.18]         /Users/cristobalmingo/Downloads/8º semestre/Diseño detallado/Copia E1 copia/Proyecto-Megaten-IIC2113/Shin-Megami-Tensei.Tests/Tests.cs(10,0): at Shin_Megami_Tensei.Tests.Tests.TestE1_BasicCombat(String teamsFolder, String testFile)
[xUnit.net 00:00:00.18]            at InvokeStub_Tests.TestE1_BasicCombat(Object, Span`1)
[xUnit.net 00:00:00.18]            at System.Reflection.MethodBaseInvoker.InvokeWithFewArgs(Object obj, BindingFlags invokeAttr, Binder binder, Object[] parameters, CultureInfo culture)
[xUnit.net 00:00:00.18]       Assert.Equal() Failure: Strings differ
[xUnit.net 00:00:00.18]                        ↓ (pos 6)
[xUnit.net 00:00:00.18]       Expected: "[L14] -----------------------------------"···
[xUnit.net 00:00:00.18]       Actual:   "[L14] Archivo de equipos inválido"
[xUnit.net 00:00:00.18]                        ↑ (pos 6)
[xUnit.net 00:00:00.18]       Stack Trace:
[xUnit.net 00:00:00.18]         /Users/cristobalmingo/Downloads/8º semestre/Diseño detallado/Copia E1 copia/Proyecto-Megaten-IIC2113/Shin-Megami-Tensei.Tests/Tests.cs(89,0): at Shin_Megami_Tensei.Tests.Tests.CompareScripts(IReadOnlyList`1 actualScript, IReadOnlyList`1 expectedScript)
[xUnit.net 00:00:00.18]         /Users/cristobalmingo/Downloads/8º semestre/Diseño detallado/Copia E1 copia/Proyecto-Megaten-IIC2113/Shin-Megami-Tensei.Tests/Tests.cs(79,0): at Shin_Megami_Tensei.Tests.Tests.RunTest(String teamsFolder, String testFile)
[xUnit.net 00:00:00.18]         /Users/cristobalmingo/Downloads/8º semestre/Diseño detallado/Copia E1 copia/Proyecto-Megaten-IIC2113/Shin-Megami-Tensei.Tests/Tests.cs(10,0): at Shin_Megami_Tensei.Tests.Tests.TestE1_BasicCombat(String teamsFolder, String testFile)
[xUnit.net 00:00:00.18]            at InvokeStub_Tests.TestE1_BasicCombat(Object, Span`1)
[xUnit.net 00:00:00.18]            at System.Reflection.MethodBaseInvoker.InvokeWithFewArgs(Object obj, BindingFlags invokeAttr, Binder binder, Object[] parameters, CultureInfo culture)
[xUnit.net 00:00:00.19]       Assert.Equal() Failure: Strings differ
[xUnit.net 00:00:00.19]                        ↓ (pos 6)
[xUnit.net 00:00:00.19]       Expected: "[L14] -----------------------------------"···
[xUnit.net 00:00:00.19]       Actual:   "[L14] Archivo de equipos inválido"
[xUnit.net 00:00:00.19]                        ↑ (pos 6)
[xUnit.net 00:00:00.19]       Stack Trace:
[xUnit.net 00:00:00.19]         /Users/cristobalmingo/Downloads/8º semestre/Diseño detallado/Copia E1 copia/Proyecto-Megaten-IIC2113/Shin-Megami-Tensei.Tests/Tests.cs(89,0): at Shin_Megami_Tensei.Tests.Tests.CompareScripts(IReadOnlyList`1 actualScript, IReadOnlyList`1 expectedScript)
[xUnit.net 00:00:00.19]         /Users/cristobalmingo/Downloads/8º semestre/Diseño detallado/Copia E1 copia/Proyecto-Megaten-IIC2113/Shin-Megami-Tensei.Tests/Tests.cs(79,0): at Shin_Megami_Tensei.Tests.Tests.RunTest(String teamsFolder, String testFile)
[xUnit.net 00:00:00.19]         /Users/cristobalmingo/Downloads/8º semestre/Diseño detallado/Copia E1 copia/Proyecto-Megaten-IIC2113/Shin-Megami-Tensei.Tests/Tests.cs(10,0): at Shin_Megami_Tensei.Tests.Tests.TestE1_BasicCombat(String teamsFolder, String testFile)
[xUnit.net 00:00:00.19]            at InvokeStub_Tests.TestE1_BasicCombat(Object, Span`1)
[xUnit.net 00:00:00.19]            at System.Reflection.MethodBaseInvoker.InvokeWithFewArgs(Object obj, BindingFlags invokeAttr, Binder binder, Object[] parameters, CultureInfo culture)
[xUnit.net 00:00:00.19]       Assert.Equal() Failure: Strings differ
[xUnit.net 00:00:00.19]                        ↓ (pos 6)
[xUnit.net 00:00:00.19]       Expected: "[L14] -----------------------------------"···
[xUnit.net 00:00:00.19]       Actual:   "[L14] Archivo de equipos inválido"
[xUnit.net 00:00:00.19]                        ↑ (pos 6)
[xUnit.net 00:00:00.19]       Stack Trace:
[xUnit.net 00:00:00.19]         /Users/cristobalmingo/Downloads/8º semestre/Diseño detallado/Copia E1 copia/Proyecto-Megaten-IIC2113/Shin-Megami-Tensei.Tests/Tests.cs(89,0): at Shin_Megami_Tensei.Tests.Tests.CompareScripts(IReadOnlyList`1 actualScript, IReadOnlyList`1 expectedScript)
[xUnit.net 00:00:00.19]         /Users/cristobalmingo/Downloads/8º semestre/Diseño detallado/Copia E1 copia/Proyecto-Megaten-IIC2113/Shin-Megami-Tensei.Tests/Tests.cs(79,0): at Shin_Megami_Tensei.Tests.Tests.RunTest(String teamsFolder, String testFile)
[xUnit.net 00:00:00.19]         /Users/cristobalmingo/Downloads/8º semestre/Diseño detallado/Copia E1 copia/Proyecto-Megaten-IIC2113/Shin-Megami-Tensei.Tests/Tests.cs(10,0): at Shin_Megami_Tensei.Tests.Tests.TestE1_BasicCombat(String teamsFolder, String testFile)
[xUnit.net 00:00:00.19]            at InvokeStub_Tests.TestE1_BasicCombat(Object, Span`1)
[xUnit.net 00:00:00.19]            at System.Reflection.MethodBaseInvoker.InvokeWithFewArgs(Object obj, BindingFlags invokeAttr, Binder binder, Object[] parameters, CultureInfo culture)
[xUnit.net 00:00:00.19]       Assert.Equal() Failure: Strings differ
[xUnit.net 00:00:00.19]                        ↓ (pos 6)
[xUnit.net 00:00:00.19]       Expected: "[L14] -----------------------------------"···
[xUnit.net 00:00:00.19]       Actual:   "[L14] Archivo de equipos inválido"
[xUnit.net 00:00:00.19]                        ↑ (pos 6)
[xUnit.net 00:00:00.19]       Stack Trace:
[xUnit.net 00:00:00.19]         /Users/cristobalmingo/Downloads/8º semestre/Diseño detallado/Copia E1 copia/Proyecto-Megaten-IIC2113/Shin-Megami-Tensei.Tests/Tests.cs(89,0): at Shin_Megami_Tensei.Tests.Tests.CompareScripts(IReadOnlyList`1 actualScript, IReadOnlyList`1 expectedScript)
[xUnit.net 00:00:00.19]         /Users/cristobalmingo/Downloads/8º semestre/Diseño detallado/Copia E1 copia/Proyecto-Megaten-IIC2113/Shin-Megami-Tensei.Tests/Tests.cs(79,0): at Shin_Megami_Tensei.Tests.Tests.RunTest(String teamsFolder, String testFile)
[xUnit.net 00:00:00.19]         /Users/cristobalmingo/Downloads/8º semestre/Diseño detallado/Copia E1 copia/Proyecto-Megaten-IIC2113/Shin-Megami-Tensei.Tests/Tests.cs(10,0): at Shin_Megami_Tensei.Tests.Tests.TestE1_BasicCombat(String teamsFolder, String testFile)
[xUnit.net 00:00:00.19]            at InvokeStub_Tests.TestE1_BasicCombat(Object, Span`1)
[xUnit.net 00:00:00.19]            at System.Reflection.MethodBaseInvoker.InvokeWithFewArgs(Object obj, BindingFlags invokeAttr, Binder binder, Object[] parameters, CultureInfo culture)
[xUnit.net 00:00:00.20]       Assert.Equal() Failure: Strings differ
[xUnit.net 00:00:00.20]                        ↓ (pos 6)
[xUnit.net 00:00:00.20]       Expected: "[L14] -----------------------------------"···
[xUnit.net 00:00:00.20]       Actual:   "[L14] Archivo de equipos inválido"
[xUnit.net 00:00:00.20]                        ↑ (pos 6)
[xUnit.net 00:00:00.20]       Stack Trace:
[xUnit.net 00:00:00.20]         /Users/cristobalmingo/Downloads/8º semestre/Diseño detallado/Copia E1 copia/Proyecto-Megaten-IIC2113/Shin-Megami-Tensei.Tests/Tests.cs(89,0): at Shin_Megami_Tensei.Tests.Tests.CompareScripts(IReadOnlyList`1 actualScript, IReadOnlyList`1 expectedScript)
[xUnit.net 00:00:00.20]         /Users/cristobalmingo/Downloads/8º semestre/Diseño detallado/Copia E1 copia/Proyecto-Megaten-IIC2113/Shin-Megami-Tensei.Tests/Tests.cs(79,0): at Shin_Megami_Tensei.Tests.Tests.RunTest(String teamsFolder, String testFile)
[xUnit.net 00:00:00.20]         /Users/cristobalmingo/Downloads/8º semestre/Diseño detallado/Copia E1 copia/Proyecto-Megaten-IIC2113/Shin-Megami-Tensei.Tests/Tests.cs(10,0): at Shin_Megami_Tensei.Tests.Tests.TestE1_BasicCombat(String teamsFolder, String testFile)
[xUnit.net 00:00:00.20]            at InvokeStub_Tests.TestE1_BasicCombat(Object, Span`1)
[xUnit.net 00:00:00.20]            at System.Reflection.MethodBaseInvoker.InvokeWithFewArgs(Object obj, BindingFlags invokeAttr, Binder binder, Object[] parameters, CultureInfo culture)
[xUnit.net 00:00:00.22]       Assert.Equal() Failure: Strings differ
[xUnit.net 00:00:00.22]                        ↓ (pos 6)
[xUnit.net 00:00:00.22]       Expected: "[L14] -----------------------------------"···
[xUnit.net 00:00:00.22]       Actual:   "[L14] Archivo de equipos inválido"
[xUnit.net 00:00:00.22]                        ↑ (pos 6)
[xUnit.net 00:00:00.22]       Stack Trace:
[xUnit.net 00:00:00.22]         /Users/cristobalmingo/Downloads/8º semestre/Diseño detallado/Copia E1 copia/Proyecto-Megaten-IIC2113/Shin-Megami-Tensei.Tests/Tests.cs(89,0): at Shin_Megami_Tensei.Tests.Tests.CompareScripts(IReadOnlyList`1 actualScript, IReadOnlyList`1 expectedScript)
[xUnit.net 00:00:00.22]         /Users/cristobalmingo/Downloads/8º semestre/Diseño detallado/Copia E1 copia/Proyecto-Megaten-IIC2113/Shin-Megami-Tensei.Tests/Tests.cs(79,0): at Shin_Megami_Tensei.Tests.Tests.RunTest(String teamsFolder, String testFile)
[xUnit.net 00:00:00.22]         /Users/cristobalmingo/Downloads/8º semestre/Diseño detallado/Copia E1 copia/Proyecto-Megaten-IIC2113/Shin-Megami-Tensei.Tests/Tests.cs(10,0): at Shin_Megami_Tensei.Tests.Tests.TestE1_BasicCombat(String teamsFolder, String testFile)
[xUnit.net 00:00:00.22]            at InvokeStub_Tests.TestE1_BasicCombat(Object, Span`1)
[xUnit.net 00:00:00.22]            at System.Reflection.MethodBaseInvoker.InvokeWithFewArgs(Object obj, BindingFlags invokeAttr, Binder binder, Object[] parameters, CultureInfo culture)
[xUnit.net 00:00:00.22]       Assert.Equal() Failure: Strings differ
[xUnit.net 00:00:00.22]                        ↓ (pos 6)
[xUnit.net 00:00:00.22]       Expected: "[L14] -----------------------------------"···
[xUnit.net 00:00:00.22]       Actual:   "[L14] Archivo de equipos inválido"
[xUnit.net 00:00:00.22]                        ↑ (pos 6)
[xUnit.net 00:00:00.22]       Stack Trace:
[xUnit.net 00:00:00.22]         /Users/cristobalmingo/Downloads/8º semestre/Diseño detallado/Copia E1 copia/Proyecto-Megaten-IIC2113/Shin-Megami-Tensei.Tests/Tests.cs(89,0): at Shin_Megami_Tensei.Tests.Tests.CompareScripts(IReadOnlyList`1 actualScript, IReadOnlyList`1 expectedScript)
[xUnit.net 00:00:00.22]         /Users/cristobalmingo/Downloads/8º semestre/Diseño detallado/Copia E1 copia/Proyecto-Megaten-IIC2113/Shin-Megami-Tensei.Tests/Tests.cs(79,0): at Shin_Megami_Tensei.Tests.Tests.RunTest(String teamsFolder, String testFile)
[xUnit.net 00:00:00.22]         /Users/cristobalmingo/Downloads/8º semestre/Diseño detallado/Copia E1 copia/Proyecto-Megaten-IIC2113/Shin-Megami-Tensei.Tests/Tests.cs(10,0): at Shin_Megami_Tensei.Tests.Tests.TestE1_BasicCombat(String teamsFolder, String testFile)
[xUnit.net 00:00:00.22]            at InvokeStub_Tests.TestE1_BasicCombat(Object, Span`1)
[xUnit.net 00:00:00.22]            at System.Reflection.MethodBaseInvoker.InvokeWithFewArgs(Object obj, BindingFlags invokeAttr, Binder binder, Object[] parameters, CultureInfo culture)
[xUnit.net 00:00:00.22]   Finished:    Shin-Megami-Tensei.Tests
</StdOut>
    </Output>
    <RunInfos>
      <RunInfo computerName="200-160-87-eduroam-al" outcome="Error" timestamp="2025-08-25T12:08:08.9549050-04:00">
        <Text>[xUnit.net 00:00:00.17]     Shin_Megami_Tensei.Tests.Tests.TestE1_BasicCombat(teamsFolder: "data/E1-BasicCombat", testFile: "data/E1-BasicCombat-Tests/005.txt") [FAIL]</Text>
      </RunInfo>
      <RunInfo computerName="200-160-87-eduroam-al" outcome="Error" timestamp="2025-08-25T12:08:08.9602290-04:00">
        <Text>[xUnit.net 00:00:00.17]     Shin_Megami_Tensei.Tests.Tests.TestE1_BasicCombat(teamsFolder: "data/E1-BasicCombat", testFile: "data/E1-BasicCombat-Tests/011.txt") [FAIL]</Text>
      </RunInfo>
      <RunInfo computerName="200-160-87-eduroam-al" outcome="Error" timestamp="2025-08-25T12:08:08.9624390-04:00">
        <Text>[xUnit.net 00:00:00.17]     Shin_Megami_Tensei.Tests.Tests.TestE1_BasicCombat(teamsFolder: "data/E1-BasicCombat", testFile: "data/E1-BasicCombat-Tests/006.txt") [FAIL]</Text>
      </RunInfo>
      <RunInfo computerName="200-160-87-eduroam-al" outcome="Error" timestamp="2025-08-25T12:08:08.9652600-04:00">
        <Text>[xUnit.net 00:00:00.18]     Shin_Megami_Tensei.Tests.Tests.TestE1_BasicCombat(teamsFolder: "data/E1-BasicCombat", testFile: "data/E1-BasicCombat-Tests/003.txt") [FAIL]</Text>
      </RunInfo>
      <RunInfo computerName="200-160-87-eduroam-al" outcome="Error" timestamp="2025-08-25T12:08:08.9704820-04:00">
        <Text>[xUnit.net 00:00:00.18]     Shin_Megami_Tensei.Tests.Tests.TestE1_BasicCombat(teamsFolder: "data/E1-BasicCombat", testFile: "data/E1-BasicCombat-Tests/004.txt") [FAIL]</Text>
      </RunInfo>
      <RunInfo computerName="200-160-87-eduroam-al" outcome="Error" timestamp="2025-08-25T12:08:08.9746000-04:00">
        <Text>[xUnit.net 00:00:00.19]     Shin_Megami_Tensei.Tests.Tests.TestE1_BasicCombat(teamsFolder: "data/E1-BasicCombat", testFile: "data/E1-BasicCombat-Tests/010.txt") [FAIL]</Text>
      </RunInfo>
      <RunInfo computerName="200-160-87-eduroam-al" outcome="Error" timestamp="2025-08-25T12:08:08.9782660-04:00">
        <Text>[xUnit.net 00:00:00.19]     Shin_Megami_Tensei.Tests.Tests.TestE1_BasicCombat(teamsFolder: "data/E1-BasicCombat", testFile: "data/E1-BasicCombat-Tests/001.txt") [FAIL]</Text>
      </RunInfo>
      <RunInfo computerName="200-160-87-eduroam-al" outcome="Error" timestamp="2025-08-25T12:08:08.9813270-04:00">
        <Text>[xUnit.net 00:00:00.19]     Shin_Megami_Tensei.Tests.Tests.TestE1_BasicCombat(teamsFolder: "data/E1-BasicCombat", testFile: "data/E1-BasicCombat-Tests/009.txt") [FAIL]</Text>
      </RunInfo>
      <RunInfo computerName="200-160-87-eduroam-al" outcome="Error" timestamp="2025-08-25T12:08:08.9862840-04:00">
        <Text>[xUnit.net 00:00:00.20]     Shin_Megami_Tensei.Tests.Tests.TestE1_BasicCombat(teamsFolder: "data/E1-BasicCombat", testFile: "data/E1-BasicCombat-Tests/007.txt") [FAIL]</Text>
      </RunInfo>
      <RunInfo computerName="200-160-87-eduroam-al" outcome="Error" timestamp="2025-08-25T12:08:09.0470830-04:00">
        <Text>[xUnit.net 00:00:00.22]     Shin_Megami_Tensei.Tests.Tests.TestE1_BasicCombat(teamsFolder: "data/E1-BasicCombat", testFile: "data/E1-BasicCombat-Tests/002.txt") [FAIL]</Text>
      </RunInfo>
      <RunInfo computerName="200-160-87-eduroam-al" outcome="Error" timestamp="2025-08-25T12:08:09.0471700-04:00">
        <Text>[xUnit.net 00:00:00.22]     Shin_Megami_Tensei.Tests.Tests.TestE1_BasicCombat(teamsFolder: "data/E1-BasicCombat", testFile: "data/E1-BasicCombat-Tests/008.txt") [FAIL]</Text>
      </RunInfo>
    </RunInfos>
  </ResultSummary>
</TestRun>